\BOOKMARK [0][]{ustcchapter.1.0}{\376\377\134\001\227\142}{}% 1
\BOOKMARK [0][]{ustcchapter.2.0}{\376\377\000T\000i\000t\000l\000e\000\040\000p\000a\000g\000e}{}% 2
\BOOKMARK [0][]{ustcchapter.3.0}{\376\377\201\364\214\042}{}% 3
\BOOKMARK [0][]{ustcchapter.4.0}{\376\377\166\356\137\125}{}% 4
\BOOKMARK [0][]{chapter*.8}{\376\377\116\055\145\207\121\205\133\271\144\130\211\201}{}% 5
\BOOKMARK [0][]{chapter*.9}{\376\377\202\361\145\207\121\205\133\271\144\130\211\201}{}% 6
\BOOKMARK [0][]{chapter.1}{\376\377\173\054\116\000\172\340\000\040\000C\000a\000s\000i\000m\000i\000r\145\110\136\224\173\200\116\313}{}% 7
\BOOKMARK [1][-]{section.1.1}{\376\377\173\054\116\000\202\202\000\040\170\024\172\166\200\314\146\157}{chapter.1}% 8
\BOOKMARK [1][-]{section.1.2}{\376\377\173\054\116\214\202\202\000\040\000C\000a\000s\000i\000m\000i\000r\122\233\116\016\000v\000a\000n\000\040\000d\000e\000r\000\040\000W\000a\000a\000l\000s\122\233\116\113\225\364\166\204\121\163\174\373}{chapter.1}% 9
\BOOKMARK [1][-]{section.1.3}{\376\377\173\054\116\011\202\202\000\040\170\024\172\166\000C\000a\000s\000i\000m\000i\000r\145\110\136\224\166\204\127\372\147\054\164\006\213\272}{chapter.1}% 10
\BOOKMARK [2][-]{subsection.1.3.1}{\376\377\116\000\000\040\123\112\176\317\121\170\164\006\213\272}{section.1.3}% 11
\BOOKMARK [2][-]{subsection.1.3.2}{\376\377\116\214\000\040\176\364\136\246\221\315\145\164\123\026\154\325}{section.1.3}% 12
\BOOKMARK [2][-]{subsection.1.3.3}{\376\377\116\011\000\040\116\026\165\114\176\277\164\006\213\272}{section.1.3}% 13
\BOOKMARK [2][-]{subsection.1.3.4}{\376\377\126\333\000\040\000L\000i\000f\000s\000h\000i\000t\000z\164\006\213\272}{section.1.3}% 14
\BOOKMARK [0][]{chapter.2}{\376\377\173\054\116\214\172\340\000\040\133\236\232\214\123\237\164\006\116\016\213\276\213\241}{}% 15
\BOOKMARK [1][-]{section.2.1}{\376\377\173\054\116\000\202\202\000\040\133\236\232\214\126\150\147\120\116\016\147\120\145\231}{chapter.2}% 16
\BOOKMARK [2][-]{subsection.2.1.1}{\376\377\116\000\000\040\123\237\133\120\122\233\146\076\137\256\225\134}{section.2.1}% 17
\BOOKMARK [2][-]{subsection.2.1.2}{\376\377\116\214\000\040\122\066\131\007\143\242\224\210}{section.2.1}% 18
\BOOKMARK [2][-]{subsection.2.1.3}{\376\377\116\011\000\040\122\066\117\134\150\067\124\301\116\345\123\312\143\245\127\060\176\277}{section.2.1}% 19
\BOOKMARK [1][-]{section.2.2}{\376\377\173\054\116\214\202\202\000\040\133\236\232\214\122\115\166\204\121\306\131\007\144\315\117\134\124\214\154\350\141\017\116\213\230\171}{chapter.2}% 20
\BOOKMARK [2][-]{subsection.2.2.1}{\376\377\116\000\000\040\177\023\121\262\143\252\145\275}{section.2.2}% 21
\BOOKMARK [2][-]{subsection.2.2.2}{\376\377\116\214\000\040\155\210\226\144\227\131\165\065\122\233\166\204\143\252\145\275}{section.2.2}% 22
\BOOKMARK [2][-]{subsection.2.2.3}{\376\377\116\011\000\040\153\143\137\017\133\236\232\214\122\115\166\204\121\306\131\007\144\315\117\134}{section.2.2}% 23
\BOOKMARK [2][-]{subsection.2.2.4}{\376\377\126\333\000\040\215\363\123\330\215\335\171\273\117\356\153\143}{section.2.2}% 24
\BOOKMARK [1][-]{section.2.3}{\376\377\173\054\116\011\202\202\000\040\133\236\232\214\213\276\213\241}{chapter.2}% 25
\BOOKMARK [1][-]{section.2.4}{\376\377\173\054\126\333\202\202\000\040\133\236\232\214\221\315\160\271\226\276\160\271\123\312\133\371\136\224\166\204\211\343\121\263\143\252\145\275}{chapter.2}% 26
\BOOKMARK [0][]{chapter.3}{\376\377\173\054\116\011\172\340\000\040\133\236\232\214\176\323\147\234\116\016\122\006\147\220}{}% 27
\BOOKMARK [1][-]{section.3.1}{\376\377\173\054\116\000\202\202\000\040\155\113\221\317\000C\000a\000s\000i\000m\000i\000r\122\233\146\362\176\277}{chapter.3}% 28
\BOOKMARK [2][-]{subsection.3.1.1}{\376\377\116\000\000\040\165\050\116\352\126\150\201\352\136\046\166\204\172\013\136\217\155\113\221\317\122\233\146\362\176\277\136\166\116\016\000L\000i\000f\000s\000h\000i\000t\000z\164\006\213\272\133\371\153\324}{section.3.1}% 29
\BOOKMARK [2][-]{subsection.3.1.2}{\376\377\116\214\000\040\131\026\143\245\172\357\123\343\155\113\221\317\122\233\146\362\176\277\166\204\145\271\154\325\116\313\176\315}{section.3.1}% 30
\BOOKMARK [1][-]{section.3.2}{\376\377\173\054\116\214\202\202\000\040\142\153\143\317\150\067\124\301}{chapter.3}% 31
\BOOKMARK [2][-]{subsection.3.2.1}{\376\377\116\000\000\040\116\000\176\364\166\204\142\153\143\317}{section.3.2}% 32
\BOOKMARK [2][-]{subsection.3.2.2}{\376\377\116\214\000\040\116\214\176\364\166\204\142\153\143\317}{section.3.2}% 33
\BOOKMARK [0][]{chapter.4}{\376\377\173\054\126\333\172\340\000\040\140\073\176\323}{}% 34
\BOOKMARK [0][]{chapter*.90}{\376\377\123\302\200\003\145\207\163\056}{}% 35
\BOOKMARK [0][]{appendix*.91}{\376\377\226\104\137\125}{}% 36
