This is XeTeX, Version 3.141592653-2.6-0.999993 (TeX Live 2021/W32TeX) (preloaded format=xelatex 2021.4.28)  23 MAY 2021 22:01
entering extended mode
 restricted \write18 enabled.
 file:line:error style messages enabled.
 %&-line parsing enabled.
**c:/Users/zty/Desktop/Casimir/毕业论文/main
(c:/Users/zty/Desktop/Casimir/毕业论文/main.tex
LaTeX2e <2020-10-01> patch level 4
L3 programming layer <2021-02-18> (./ustcthesis.cls
Document Class: ustcthesis 2020/04/03 v3.2.1 USTC thesis template
(c:/texlive/2021/texmf-dist/tex/generic/iftex/iftex.sty
Package: iftex 2020/03/06 v1.0d TeX engine tests
) (c:/texlive/2021/texmf-dist/tex/generic/kvdefinekeys/kvdefinekeys.sty
Package: kvdefinekeys 2019-12-19 v1.6 Define keys (HO)
) (c:/texlive/2021/texmf-dist/tex/generic/kvsetkeys/kvsetkeys.sty
Package: kvsetkeys 2019/12/15 v1.18 Key value parser (HO)
) (c:/texlive/2021/texmf-dist/tex/latex/kvoptions/kvoptions.sty
Package: kvoptions 2020-10-07 v3.14 Key value format for package options (HO)
 (c:/texlive/2021/texmf-dist/tex/latex/graphics/keyval.sty
Package: keyval 2014/10/28 v1.15 key=value parser (DPC)
\KV@toks@=\toks15
) (c:/texlive/2021/texmf-dist/tex/generic/ltxcmds/ltxcmds.sty
Package: ltxcmds 2020-05-10 v1.25 LaTeX kernel commands for general use (HO)
)) (c:/texlive/2021/texmf-dist/tex/latex/ctex/ctexbook.cls (c:/texlive/2021/texmf-dist/tex/latex/ctex/config/ctexbackend.cfg
File: ctexbackend.cfg 2021/03/14 v2.5.6 Backend configuration file (CTEX)
) (c:/texlive/2021/texmf-dist/tex/latex/l3kernel/expl3.sty
Package: expl3 2021-02-18 L3 programming layer (loader) 
 (c:/texlive/2021/texmf-dist/tex/latex/l3backend/l3backend-xetex.def
File: l3backend-xetex.def 2021-03-18 L3 backend support: XeTeX
 (|extractbb --version)
\c__kernel_sys_dvipdfmx_version_int=\count175
\l__color_backend_stack_int=\count176
\g__color_backend_stack_int=\count177
\g__graphics_track_int=\count178
\l__pdf_internal_box=\box47
\g__pdf_backend_object_int=\count179
\g__pdf_backend_annotation_int=\count180
\g__pdf_backend_link_int=\count181
))
Document Class: ctexbook 2021/03/14 v2.5.6 Chinese adapter for class book (CTEX)
(c:/texlive/2021/texmf-dist/tex/latex/l3packages/xparse/xparse.sty (c:/texlive/2021/texmf-dist/tex/latex/l3packages/xparse/xparse-2020-10-01.sty (c:/texlive/2021/texmf-dist/tex/latex/l3packages/xparse/xparse-generic.tex))) (c:/texlive/2021/texmf-dist/tex/latex/l3packages/l3keys2e/l3keys2e.sty
Package: l3keys2e 2021-03-12 LaTeX2e option processing using LaTeX3 keys
) (c:/texlive/2021/texmf-dist/tex/latex/ctex/ctexhook.sty
Package: ctexhook 2021/03/14 v2.5.6 Document and package hooks (CTEX)
) (c:/texlive/2021/texmf-dist/tex/latex/ctex/ctexpatch.sty
Package: ctexpatch 2021/03/14 v2.5.6 Patching commands (CTEX)
) (c:/texlive/2021/texmf-dist/tex/latex/base/fix-cm.sty
Package: fix-cm 2015/01/14 v1.1t fixes to LaTeX
 (c:/texlive/2021/texmf-dist/tex/latex/base/ts1enc.def
File: ts1enc.def 2001/06/05 v3.0e (jk/car/fm) Standard LaTeX file
LaTeX Font Info:    Redeclaring font encoding TS1 on input line 47.
)) (c:/texlive/2021/texmf-dist/tex/latex/everysel/everysel.sty
Package: everysel 2021/01/20 v2.1 EverySelectfont Package (MS)
 (c:/texlive/2021/texmf-dist/tex/latex/everysel/everysel-2011-10-28.sty))
\l__ctex_tmp_int=\count182
\l__ctex_tmp_box=\box48
\l__ctex_tmp_dim=\dimen138
\g__ctex_section_depth_int=\count183
\g__ctex_font_size_int=\count184
 (c:/texlive/2021/texmf-dist/tex/latex/ctex/config/ctexopts.cfg
File: ctexopts.cfg 2021/03/14 v2.5.6 Option configuration file (CTEX)
) (c:/texlive/2021/texmf-dist/tex/latex/base/book.cls
Document Class: book 2020/04/10 v1.4m Standard LaTeX document class
(c:/texlive/2021/texmf-dist/tex/latex/base/bk12.clo
File: bk12.clo 2020/04/10 v1.4m Standard LaTeX file (size option)
)
\c@part=\count185
\c@chapter=\count186
\c@section=\count187
\c@subsection=\count188
\c@subsubsection=\count189
\c@paragraph=\count190
\c@subparagraph=\count191
\c@figure=\count192
\c@table=\count193
\abovecaptionskip=\skip47
\belowcaptionskip=\skip48
\bibindent=\dimen139
) (c:/texlive/2021/texmf-dist/tex/latex/ctex/engine/ctex-engine-xetex.def
File: ctex-engine-xetex.def 2021/03/14 v2.5.6 XeLaTeX adapter (CTEX)
 (c:/texlive/2021/texmf-dist/tex/xelatex/xecjk/xeCJK.sty
Package: xeCJK 2020/10/19 v3.8.6 Typesetting CJK scripts with XeLaTeX
 (c:/texlive/2021/texmf-dist/tex/latex/l3packages/xtemplate/xtemplate.sty
Package: xtemplate 2021-03-12 L3 Experimental prototype document functions
\l__xtemplate_tmp_dim=\dimen140
\l__xtemplate_tmp_int=\count194
\l__xtemplate_tmp_muskip=\muskip16
\l__xtemplate_tmp_skip=\skip49
)
\l__xeCJK_tmp_int=\count195
\l__xeCJK_tmp_box=\box49
\l__xeCJK_tmp_dim=\dimen141
\l__xeCJK_tmp_skip=\skip50
\g__xeCJK_space_factor_int=\count196
\l__xeCJK_begin_int=\count197
\l__xeCJK_end_int=\count198
\c__xeCJK_CJK_class_int=\XeTeXcharclass1
\c__xeCJK_FullLeft_class_int=\XeTeXcharclass2
\c__xeCJK_FullRight_class_int=\XeTeXcharclass3
\c__xeCJK_HalfLeft_class_int=\XeTeXcharclass4
\c__xeCJK_HalfRight_class_int=\XeTeXcharclass5
\c__xeCJK_NormalSpace_class_int=\XeTeXcharclass6
\c__xeCJK_CM_class_int=\XeTeXcharclass7
\c__xeCJK_HangulJamo_class_int=\XeTeXcharclass8
\l__xeCJK_last_skip=\skip51
\g__xeCJK_node_int=\count199
\c__xeCJK_CJK_node_dim=\dimen142
\c__xeCJK_CJK-space_node_dim=\dimen143
\c__xeCJK_default_node_dim=\dimen144
\c__xeCJK_default-space_node_dim=\dimen145
\c__xeCJK_CJK-widow_node_dim=\dimen146
\c__xeCJK_normalspace_node_dim=\dimen147
\l__xeCJK_ccglue_skip=\skip52
\l__xeCJK_ecglue_skip=\skip53
\l__xeCJK_punct_kern_skip=\skip54
\l__xeCJK_last_penalty_int=\count266
\l__xeCJK_last_bound_dim=\dimen148
\l__xeCJK_last_kern_dim=\dimen149
\l__xeCJK_widow_penalty_int=\count267

Package xtemplate Info: Declaring object type 'xeCJK/punctuation' taking 0
(xtemplate)             argument(s) on line 2341.

\l__xeCJK_fixed_punct_width_dim=\dimen150
\l__xeCJK_mixed_punct_width_dim=\dimen151
\l__xeCJK_middle_punct_width_dim=\dimen152
\l__xeCJK_fixed_margin_width_dim=\dimen153
\l__xeCJK_mixed_margin_width_dim=\dimen154
\l__xeCJK_middle_margin_width_dim=\dimen155
\l__xeCJK_bound_punct_width_dim=\dimen156
\l__xeCJK_bound_margin_width_dim=\dimen157
\l__xeCJK_margin_minimum_dim=\dimen158
\l__xeCJK_kerning_total_width_dim=\dimen159
\l__xeCJK_same_align_margin_dim=\dimen160
\l__xeCJK_different_align_margin_dim=\dimen161
\l__xeCJK_kerning_margin_width_dim=\dimen162
\l__xeCJK_kerning_margin_minimum_dim=\dimen163
\l__xeCJK_bound_dim=\dimen164
\l__xeCJK_reverse_bound_dim=\dimen165
\l__xeCJK_margin_dim=\dimen166
\l__xeCJK_minimum_bound_dim=\dimen167
\l__xeCJK_kerning_margin_dim=\dimen168
\g__xeCJK_family_int=\count268
\l__xeCJK_fam_int=\count269
\g__xeCJK_fam_allocation_int=\count270
\l__xeCJK_verb_case_int=\count271
\l__xeCJK_verb_exspace_skip=\skip55
 (c:/texlive/2021/texmf-dist/tex/latex/fontspec/fontspec.sty
Package: fontspec 2020/02/21 v2.7i Font selection for XeLaTeX and LuaLaTeX
 (c:/texlive/2021/texmf-dist/tex/latex/fontspec/fontspec-xetex.sty
Package: fontspec-xetex 2020/02/21 v2.7i Font selection for XeLaTeX and LuaLaTeX
\l__fontspec_script_int=\count272
\l__fontspec_language_int=\count273
\l__fontspec_strnum_int=\count274
\l__fontspec_tmp_int=\count275
\l__fontspec_tmpa_int=\count276
\l__fontspec_tmpb_int=\count277
\l__fontspec_tmpc_int=\count278
\l__fontspec_em_int=\count279
\l__fontspec_emdef_int=\count280
\l__fontspec_strong_int=\count281
\l__fontspec_strongdef_int=\count282
\l__fontspec_tmpa_dim=\dimen169
\l__fontspec_tmpb_dim=\dimen170
\l__fontspec_tmpc_dim=\dimen171
 (c:/texlive/2021/texmf-dist/tex/latex/base/fontenc.sty
Package: fontenc 2020/08/10 v2.0s Standard LaTeX package
) (c:/texlive/2021/texmf-dist/tex/latex/fontspec/fontspec.cfg))) (c:/texlive/2021/texmf-dist/tex/xelatex/xecjk/xeCJK.cfg
File: xeCJK.cfg 2020/10/19 v3.8.6 Configuration file for xeCJK package
))
\ccwd=\dimen172
\l__ctex_ccglue_skip=\skip56
)
\l__ctex_ziju_dim=\dimen173
 (c:/texlive/2021/texmf-dist/tex/latex/zhnumber/zhnumber.sty
Package: zhnumber 2020/05/01 v2.8 Typesetting numbers with Chinese glyphs
\l__zhnum_scale_int=\count283
 (c:/texlive/2021/texmf-dist/tex/latex/zhnumber/zhnumber-utf8.cfg
File: zhnumber-utf8.cfg 2020/05/01 v2.8 Chinese numerals with UTF8 encoding
))
\l__ctex_heading_skip=\skip57
 (c:/texlive/2021/texmf-dist/tex/latex/ctex/scheme/ctex-scheme-chinese-book.def
File: ctex-scheme-chinese-book.def 2021/03/14 v2.5.6 Chinese scheme for book (CTEX)
 (c:/texlive/2021/texmf-dist/tex/latex/ctex/config/ctex-name-utf8.cfg
File: ctex-name-utf8.cfg 2021/03/14 v2.5.6 Caption with encoding UTF-8 (CTEX)
)) (c:/texlive/2021/texmf-dist/tex/latex/ctex/ctex-cs4size.clo
File: ctex-cs4size.clo 2021/03/14 v2.5.6 cs4size option (CTEX)
)) (c:/texlive/2021/texmf-dist/tex/latex/ctex/config/ctex.cfg
File: ctex.cfg 2021/03/14 v2.5.6 Configuration file (CTEX)
) (c:/texlive/2021/texmf-dist/tex/latex/amsmath/amsmath.sty
Package: amsmath 2020/09/23 v2.17i AMS math features
\@mathmargin=\skip58

For additional information on amsmath, use the `?' option.
(c:/texlive/2021/texmf-dist/tex/latex/amsmath/amstext.sty
Package: amstext 2000/06/29 v2.01 AMS text
 (c:/texlive/2021/texmf-dist/tex/latex/amsmath/amsgen.sty
File: amsgen.sty 1999/11/30 v2.0 generic functions
\@emptytoks=\toks16
\ex@=\dimen174
)) (c:/texlive/2021/texmf-dist/tex/latex/amsmath/amsbsy.sty
Package: amsbsy 1999/11/29 v1.2d Bold Symbols
\pmbraise@=\dimen175
) (c:/texlive/2021/texmf-dist/tex/latex/amsmath/amsopn.sty
Package: amsopn 2016/03/08 v2.02 operator names
)
\inf@bad=\count284
LaTeX Info: Redefining \frac on input line 234.
\uproot@=\count285
\leftroot@=\count286
LaTeX Info: Redefining \overline on input line 399.
\classnum@=\count287
\DOTSCASE@=\count288
LaTeX Info: Redefining \ldots on input line 496.
LaTeX Info: Redefining \dots on input line 499.
LaTeX Info: Redefining \cdots on input line 620.
\Mathstrutbox@=\box50
\strutbox@=\box51
\big@size=\dimen176
LaTeX Font Info:    Redeclaring font encoding OML on input line 743.
LaTeX Font Info:    Redeclaring font encoding OMS on input line 744.
\macc@depth=\count289
\c@MaxMatrixCols=\count290
\dotsspace@=\muskip17
\c@parentequation=\count291
\dspbrk@lvl=\count292
\tag@help=\toks17
\row@=\count293
\column@=\count294
\maxfields@=\count295
\andhelp@=\toks18
\eqnshift@=\dimen177
\alignsep@=\dimen178
\tagshift@=\dimen179
\tagwidth@=\dimen180
\totwidth@=\dimen181
\lineht@=\dimen182
\@envbody=\toks19
\multlinegap=\skip59
\multlinetaggap=\skip60
\mathdisplay@stack=\toks20
LaTeX Info: Redefining \[ on input line 2923.
LaTeX Info: Redefining \] on input line 2924.
) (c:/texlive/2021/texmf-dist/tex/latex/unicode-math/unicode-math.sty
Package: unicode-math 2020/01/31 v0.8q Unicode maths in XeLaTeX and LuaLaTeX
 (c:/texlive/2021/texmf-dist/tex/latex/unicode-math/unicode-math-xetex.sty
Package: unicode-math-xetex 2020/01/31 v0.8q Unicode maths in XeLaTeX and LuaLaTeX
\g__um_fam_int=\count296
\g__um_fonts_used_int=\count297
\l__um_primecount_int=\count298
\g__um_primekern_muskip=\muskip18
 (c:/texlive/2021/texmf-dist/tex/latex/unicode-math/unicode-math-table.tex))) (c:/texlive/2021/texmf-dist/tex/latex/geometry/geometry.sty
Package: geometry 2020/01/02 v5.9 Page Geometry
 (c:/texlive/2021/texmf-dist/tex/generic/iftex/ifvtex.sty
Package: ifvtex 2019/10/25 v1.7 ifvtex legacy package. Use iftex instead.
)
\Gm@cnth=\count299
\Gm@cntv=\count300
\c@Gm@tempcnt=\count301
\Gm@bindingoffset=\dimen183
\Gm@wd@mp=\dimen184
\Gm@odd@mp=\dimen185
\Gm@even@mp=\dimen186
\Gm@layoutwidth=\dimen187
\Gm@layoutheight=\dimen188
\Gm@layouthoffset=\dimen189
\Gm@layoutvoffset=\dimen190
\Gm@dimlist=\toks21
) (c:/texlive/2021/texmf-dist/tex/latex/graphics/graphicx.sty
Package: graphicx 2020/09/09 v1.2b Enhanced LaTeX Graphics (DPC,SPQR)
 (c:/texlive/2021/texmf-dist/tex/latex/graphics/graphics.sty
Package: graphics 2020/08/30 v1.4c Standard LaTeX Graphics (DPC,SPQR)
 (c:/texlive/2021/texmf-dist/tex/latex/graphics/trig.sty
Package: trig 2016/01/03 v1.10 sin cos tan (DPC)
) (c:/texlive/2021/texmf-dist/tex/latex/graphics-cfg/graphics.cfg
File: graphics.cfg 2016/06/04 v1.11 sample graphics configuration
)
Package graphics Info: Driver file: xetex.def on input line 105.
 (c:/texlive/2021/texmf-dist/tex/latex/graphics-def/xetex.def
File: xetex.def 2021/03/18 v5.0k Graphics/color driver for xetex
))
\Gin@req@height=\dimen191
\Gin@req@width=\dimen192
) (c:/texlive/2021/texmf-dist/tex/latex/fancyhdr/fancyhdr.sty
Package: fancyhdr 2021/01/28 v4.0.1 Extensive control of page headers and footers
\f@nch@headwidth=\skip61
\f@nch@O@elh=\skip62
\f@nch@O@erh=\skip63
\f@nch@O@olh=\skip64
\f@nch@O@orh=\skip65
\f@nch@O@elf=\skip66
\f@nch@O@erf=\skip67
\f@nch@O@olf=\skip68
\f@nch@O@orf=\skip69
) (c:/texlive/2021/texmf-dist/tex/latex/graphics/color.sty
Package: color 2020/02/24 v1.2b Standard LaTeX Color (DPC)
 (c:/texlive/2021/texmf-dist/tex/latex/graphics-cfg/color.cfg
File: color.cfg 2016/01/02 v1.6 sample color configuration
)
Package color Info: Driver file: xetex.def on input line 147.
) (c:/texlive/2021/texmf-dist/tex/latex/titlesec/titletoc.sty
Package: titletoc 2019/10/16 v2.13 TOC entries
\ttl@leftsep=\dimen193
) (c:/texlive/2021/texmf-dist/tex/latex/caption/caption.sty
Package: caption 2020/10/26 v3.5g Customizing captions (AR)
 (c:/texlive/2021/texmf-dist/tex/latex/caption/caption3.sty
Package: caption3 2020/10/21 v2.2e caption3 kernel (AR)
\captionmargin=\dimen194
\captionmargin@=\dimen195
\captionwidth=\dimen196
\caption@tempdima=\dimen197
\caption@indent=\dimen198
\caption@parindent=\dimen199
\caption@hangindent=\dimen256
Package caption Info: Standard document class detected.
)
\c@caption@flags=\count302
\c@continuedfloat=\count303
) (c:/texlive/2021/texmf-dist/tex/latex/footmisc/footmisc.sty
Package: footmisc 2011/06/06 v5.5b a miscellany of footnote facilities
\FN@temptoken=\toks22
\footnotemargin=\dimen257
\c@pp@next@reset=\count304
\c@@fnserial=\count305
Package footmisc Info: Declaring symbol style bringhurst on input line 855.
Package footmisc Info: Declaring symbol style chicago on input line 863.
Package footmisc Info: Declaring symbol style wiley on input line 872.
Package footmisc Info: Declaring symbol style lamport-robust on input line 883.
Package footmisc Info: Declaring symbol style lamport* on input line 903.
Package footmisc Info: Declaring symbol style lamport*-robust on input line 924.
) (c:/texlive/2021/texmf-dist/tex/latex/url/url.sty
\Urlmuskip=\muskip19
Package: url 2013/09/16  ver 3.4  Verb mode for urls, etc.
) (c:/texlive/2021/texmf-dist/tex/latex/tools/calc.sty
Package: calc 2017/05/25 v4.3 Infix arithmetic (KKT,FJ)
\calc@Acount=\count306
\calc@Bcount=\count307
\calc@Adimen=\dimen258
\calc@Bdimen=\dimen259
\calc@Askip=\skip70
\calc@Bskip=\skip71
LaTeX Info: Redefining \setlength on input line 80.
LaTeX Info: Redefining \addtolength on input line 81.
\calc@Ccount=\count308
\calc@Cskip=\skip72
) (c:/texlive/2021/texmf-dist/tex/latex/natbib/natbib.sty
Package: natbib 2010/09/13 8.31b (PWD, AO)
\bibhang=\skip73
\bibsep=\skip74
LaTeX Info: Redefining \cite on input line 694.
\c@NAT@ctr=\count309
) (c:/texlive/2021/texmf-dist/tex/latex/notoccite/notoccite.sty
Package: notoccite 2000/07/20
) (c:/texlive/2021/texmf-dist/tex/latex/filehook/filehook.sty
Package: filehook 2020/09/29 v0.8a Hooks for input files
 (c:/texlive/2021/texmf-dist/tex/latex/filehook/filehook-2020.sty
Package: filehook-2020 2020/09/29 v0.8a Hooks for input files
))
LaTeX Font Info:    Overwriting math alphabet `\mathrm' in version `normal'
(Font)                  OT1/cmr/m/n --> TU/TimesNewRoman(1)/m/n on input line 566.
LaTeX Font Info:    Overwriting math alphabet `\mathit' in version `normal'
(Font)                  OT1/cmr/m/it --> TU/TimesNewRoman(1)/m/it on input line 566.
LaTeX Font Info:    Overwriting math alphabet `\mathbf' in version `normal'
(Font)                  OT1/cmr/bx/n --> TU/TimesNewRoman(1)/b/n on input line 566.
LaTeX Font Info:    Overwriting math alphabet `\mathsf' in version `normal'
(Font)                  OT1/cmss/m/n --> TU/Arial(1)/m/n on input line 566.
LaTeX Font Info:    Overwriting math alphabet `\mathsf' in version `bold'
(Font)                  OT1/cmss/bx/n --> TU/Arial(1)/b/n on input line 566.
LaTeX Font Info:    Overwriting math alphabet `\mathtt' in version `normal'
(Font)                  OT1/cmtt/m/n --> TU/CourierNew(1)/m/n on input line 566.
LaTeX Font Info:    Overwriting math alphabet `\mathtt' in version `bold'
(Font)                  OT1/cmtt/m/n --> TU/CourierNew(1)/b/n on input line 566.
LaTeX Font Info:    Encoding `OT1' has changed to `TU' for symbol font
(Font)              `operators' in the math version `normal' on input line 741.
LaTeX Font Info:    Overwriting symbol font `operators' in version `normal'
(Font)                  OT1/cmr/m/n --> TU/XITSMath-Regular(1)/m/n on input line 741.
LaTeX Font Info:    Encoding `OT1' has changed to `TU' for symbol font
(Font)              `operators' in the math version `bold' on input line 741.
LaTeX Font Info:    Overwriting symbol font `operators' in version `bold'
(Font)                  OT1/cmr/bx/n --> TU/XITSMath-Regular(1)/b/n on input line 741.
LaTeX Font Info:    Encoding `OMS' has changed to `TU' for symbol font
(Font)              `symbols' in the math version `normal' on input line 741.
LaTeX Font Info:    Overwriting symbol font `symbols' in version `normal'
(Font)                  OMS/cmsy/m/n --> TU/XITSMath-Regular(2)/m/n on input line 741.
LaTeX Font Info:    Encoding `OMS' has changed to `TU' for symbol font
(Font)              `symbols' in the math version `bold' on input line 741.
LaTeX Font Info:    Overwriting symbol font `symbols' in version `bold'
(Font)                  OMS/cmsy/b/n --> TU/XITSMath-Regular(2)/b/n on input line 741.
LaTeX Font Info:    Encoding `OMX' has changed to `TU' for symbol font
(Font)              `largesymbols' in the math version `normal' on input line 741.
LaTeX Font Info:    Overwriting symbol font `largesymbols' in version `normal'
(Font)                  OMX/cmex/m/n --> TU/XITSMath-Regular(3)/m/n on input line 741.
LaTeX Font Info:    Encoding `OMX' has changed to `TU' for symbol font
(Font)              `largesymbols' in the math version `bold' on input line 741.
LaTeX Font Info:    Overwriting symbol font `largesymbols' in version `bold'
(Font)                  OMX/cmex/m/n --> TU/XITSMath-Regular(3)/b/n on input line 741.
\sym__um_fam1=\mathgroup4
LaTeX Font Info:    Overwriting symbol font `__um_fam1' in version `normal'
(Font)                  TU/XITSMath-Regular(4)/m/n --> TU/XITSMath-Regular(4)/m/n on input line 741.
LaTeX Font Info:    Overwriting symbol font `__um_fam1' in version `bold'
(Font)                  TU/XITSMath-Regular(4)/m/n --> TU/XITSMath-Regular(4)/b/n on input line 741.
\bp@=\dimen260
\c@ustc@count=\count310
\ustc@titlelength=\count311
LaTeX Info: Redefining \boldsymbol on input line 1925.
) (./ustcsetup.tex (c:/texlive/2021/texmf-dist/tex/latex/booktabs/booktabs.sty
Package: booktabs 2020/01/12 v1.61803398 Publication quality tables
\heavyrulewidth=\dimen261
\lightrulewidth=\dimen262
\cmidrulewidth=\dimen263
\belowrulesep=\dimen264
\belowbottomsep=\dimen265
\aboverulesep=\dimen266
\abovetopsep=\dimen267
\cmidrulesep=\dimen268
\cmidrulekern=\dimen269
\defaultaddspace=\dimen270
\@cmidla=\count312
\@cmidlb=\count313
\@aboverulesep=\dimen271
\@belowrulesep=\dimen272
\@thisruleclass=\count314
\@lastruleclass=\count315
\@thisrulewidth=\dimen273
) (c:/texlive/2021/texmf-dist/tex/latex/tools/longtable.sty
Package: longtable 2020/01/07 v4.13 Multi-page Table package (DPC)
\LTleft=\skip75
\LTright=\skip76
\LTpre=\skip77
\LTpost=\skip78
\LTchunksize=\count316
\LTcapwidth=\dimen274
\LT@head=\box52
\LT@firsthead=\box53
\LT@foot=\box54
\LT@lastfoot=\box55
\LT@cols=\count317
\LT@rows=\count318
\c@LT@tables=\count319
\c@LT@chunks=\count320
\LT@p@ftn=\toks23
) (c:/texlive/2021/texmf-dist/tex/latex/algorithm2e/algorithm2e.sty
Invalid UTF-8 byte or sequence at line 284 replaced by U+FFFD.
Invalid UTF-8 byte or sequence at line 299 replaced by U+FFFD.
Invalid UTF-8 byte or sequence at line 550 replaced by U+FFFD.
Package: algorithm2e 2017/07/18 v5.2 algorithms environments
\c@AlgoLine=\count321
 (c:/texlive/2021/texmf-dist/tex/latex/base/ifthen.sty
Package: ifthen 2014/09/29 v1.1c Standard LaTeX ifthen package (DPC)
)
\algocf@hangindent=\skip79
 (c:/texlive/2021/texmf-dist/tex/latex/ifoddpage/ifoddpage.sty
Package: ifoddpage 2016/04/23 v1.1 Conditionals for odd/even page detection
\c@checkoddpage=\count322
) (c:/texlive/2021/texmf-dist/tex/latex/tools/xspace.sty
Package: xspace 2014/10/28 v1.13 Space after command names (DPC,MH)
) (c:/texlive/2021/texmf-dist/tex/latex/relsize/relsize.sty
Package: relsize 2013/03/29 ver 4.1
)
\skiptotal=\skip80
\skiplinenumber=\skip81
\skiprule=\skip82
\skiphlne=\skip83
\skiptext=\skip84
\skiplength=\skip85
\algomargin=\skip86
\skipalgocfslide=\skip87
\algowidth=\dimen275
\inoutsize=\dimen276
\inoutindent=\dimen277
\interspacetitleruled=\dimen278
\interspacealgoruled=\dimen279
\interspacetitleboxruled=\dimen280
\algocf@ruledwidth=\skip88
\algocf@inoutbox=\box56
\algocf@inputbox=\box57
\AlCapSkip=\skip89
\AlCapHSkip=\skip90
\algoskipindent=\skip91
\algocf@nlbox=\box58
\algocf@hangingbox=\box59
\algocf@untilbox=\box60
\algocf@skipuntil=\skip92
\algocf@capbox=\box61
\algocf@lcaptionbox=\skip93
\algoheightruledefault=\skip94
\algoheightrule=\skip95
\algotitleheightruledefault=\skip96
\algotitleheightrule=\skip97
\c@algocfline=\count323
\c@algocfproc=\count324
\c@algocf=\count325
\algocf@algoframe=\box62
\algocf@algobox=\box63
) (c:/texlive/2021/texmf-dist/tex/latex/siunitx/siunitx.sty
Package: siunitx 2020/02/25 v2.8b A comprehensive (SI) units package
 (c:/texlive/2021/texmf-dist/tex/latex/tools/array.sty
Package: array 2020/10/01 v2.5c Tabular extension package (FMi)
\col@sep=\dimen281
\ar@mcellbox=\box64
\extrarowheight=\dimen282
\NC@list=\toks24
\extratabsurround=\skip98
\backup@length=\skip99
\ar@cellbox=\box65
)
\l__siunitx_tmp_box=\box66
\l__siunitx_tmp_dim=\dimen283
\l__siunitx_tmp_int=\count326
\l__siunitx_number_mantissa_length_int=\count327
\l__siunitx_number_uncert_length_int=\count328
\l__siunitx_round_int=\count329
\l__siunitx_process_decimal_int=\count330
\l__siunitx_process_uncertainty_int=\count331
\l__siunitx_process_fixed_int=\count332
\l__siunitx_process_integer_min_int=\count333
\l__siunitx_process_precision_int=\count334
\l__siunitx_group_min_int=\count335
\l__siunitx_angle_marker_box=\box67
\l__siunitx_angle_unit_box=\box68
\l__siunitx_angle_marker_dim=\dimen284
\l__siunitx_angle_unit_dim=\dimen285
\l__siunitx_unit_int=\count336
\l__siunitx_unit_denominator_int=\count337
\l__siunitx_unit_numerator_int=\count338
\l__siunitx_unit_prefix_int=\count339
\l__siunitx_unit_prefix_base_int=\count340
\l__siunitx_unit_prefix_gram_int=\count341
\l__siunitx_number_product_int=\count342
\c__siunitx_one_fill_skip=\skip100
\l__siunitx_table_unit_align_skip=\skip101
\l__siunitx_table_exponent_dim=\dimen286
\l__siunitx_table_integer_dim=\dimen287
\l__siunitx_table_mantissa_dim=\dimen288
\l__siunitx_table_marker_dim=\dimen289
\l__siunitx_table_result_dim=\dimen290
\l__siunitx_table_uncert_dim=\dimen291
\l__siunitx_table_fill_pre_dim=\dimen292
\l__siunitx_table_fill_post_dim=\dimen293
\l__siunitx_table_fill_mid_dim=\dimen294
\l__siunitx_table_pre_box=\box69
\l__siunitx_table_post_box=\box70
\l__siunitx_table_mantissa_box=\box71
\l__siunitx_table_result_box=\box72
\l__siunitx_table_number_align_skip=\skip102
\l__siunitx_table_text_align_skip=\skip103
 (c:/texlive/2021/texmf-dist/tex/latex/translator/translator.sty
Package: translator 2020-08-03 v1.12c Easy translation of strings in LaTeX
)) (c:/texlive/2021/texmf-dist/tex/latex/amscls/amsthm.sty
Package: amsthm 2020/05/29 v2.20.6
\thm@style=\toks25
\thm@bodyfont=\toks26
\thm@headfont=\toks27
\thm@notefont=\toks28
\thm@headpunct=\toks29
\thm@preskip=\skip104
\thm@postskip=\skip105
\thm@headsep=\skip106
\dth@everypar=\toks30
)
\c@theorem=\count343
\c@assumption=\count344
\c@definition=\count345
\c@example=\count346
 (./math-commands.tex)) (c:/texlive/2021/texmf-dist/tex/latex/hyperref/hyperref.sty
Package: hyperref 2021-02-27 v7.00k Hypertext links for LaTeX
 (c:/texlive/2021/texmf-dist/tex/generic/pdftexcmds/pdftexcmds.sty
Package: pdftexcmds 2020-06-27 v0.33 Utility functions of pdfTeX for LuaTeX (HO)
 (c:/texlive/2021/texmf-dist/tex/generic/infwarerr/infwarerr.sty
Package: infwarerr 2019/12/03 v1.5 Providing info/warning/error messages (HO)
)
Package pdftexcmds Info: \pdf@primitive is available.
Package pdftexcmds Info: \pdf@ifprimitive is available.
Package pdftexcmds Info: \pdfdraftmode not found.
) (c:/texlive/2021/texmf-dist/tex/generic/pdfescape/pdfescape.sty
Package: pdfescape 2019/12/09 v1.15 Implements pdfTeX's escape features (HO)
) (c:/texlive/2021/texmf-dist/tex/latex/hycolor/hycolor.sty
Package: hycolor 2020-01-27 v1.10 Color options for hyperref/bookmark (HO)
) (c:/texlive/2021/texmf-dist/tex/latex/letltxmacro/letltxmacro.sty
Package: letltxmacro 2019/12/03 v1.6 Let assignment for LaTeX macros (HO)
) (c:/texlive/2021/texmf-dist/tex/latex/auxhook/auxhook.sty
Package: auxhook 2019-12-17 v1.6 Hooks for auxiliary files (HO)
)
\@linkdim=\dimen295
\Hy@linkcounter=\count347
\Hy@pagecounter=\count348
 (c:/texlive/2021/texmf-dist/tex/latex/hyperref/pd1enc.def
File: pd1enc.def 2021-02-27 v7.00k Hyperref: PDFDocEncoding definition (HO)
) (c:/texlive/2021/texmf-dist/tex/latex/hyperref/hyperref-langpatches.def
File: hyperref-langpatches.def 2021-02-27 v7.00k Hyperref: patches for babel languages
) (c:/texlive/2021/texmf-dist/tex/generic/intcalc/intcalc.sty
Package: intcalc 2019/12/15 v1.3 Expandable calculations with integers (HO)
) (c:/texlive/2021/texmf-dist/tex/generic/etexcmds/etexcmds.sty
Package: etexcmds 2019/12/15 v1.7 Avoid name clashes with e-TeX commands (HO)
)
\Hy@SavedSpaceFactor=\count349
 (c:/texlive/2021/texmf-dist/tex/latex/hyperref/puenc.def
File: puenc.def 2021-02-27 v7.00k Hyperref: PDF Unicode definition (HO)
)
Package hyperref Info: Option `unicode' set `true' on input line 4073.
Package hyperref Info: Hyper figures OFF on input line 4192.
Package hyperref Info: Link nesting OFF on input line 4197.
Package hyperref Info: Hyper index ON on input line 4200.
Package hyperref Info: Plain pages OFF on input line 4207.
Package hyperref Info: Backreferencing OFF on input line 4212.
Package hyperref Info: Implicit mode ON; LaTeX internals redefined.
Package hyperref Info: Bookmarks ON on input line 4445.
\c@Hy@tempcnt=\count350
LaTeX Info: Redefining \url on input line 4804.
\XeTeXLinkMargin=\dimen296
 (c:/texlive/2021/texmf-dist/tex/generic/bitset/bitset.sty
Package: bitset 2019/12/09 v1.3 Handle bit-vector datatype (HO)
 (c:/texlive/2021/texmf-dist/tex/generic/bigintcalc/bigintcalc.sty
Package: bigintcalc 2019/12/15 v1.5 Expandable calculations on big integers (HO)
))
\Fld@menulength=\count351
\Field@Width=\dimen297
\Fld@charsize=\dimen298
Package hyperref Info: Hyper figures OFF on input line 6075.
Package hyperref Info: Link nesting OFF on input line 6080.
Package hyperref Info: Hyper index ON on input line 6083.
Package hyperref Info: backreferencing OFF on input line 6090.
Package hyperref Info: Link coloring OFF on input line 6095.
Package hyperref Info: Link coloring with OCG OFF on input line 6100.
Package hyperref Info: PDF/A mode OFF on input line 6105.
LaTeX Info: Redefining \ref on input line 6145.
LaTeX Info: Redefining \pageref on input line 6149.
 (c:/texlive/2021/texmf-dist/tex/latex/base/atbegshi-ltx.sty
Package: atbegshi-ltx 2020/08/17 v1.0a Emulation of the original atbegshi package
with kernel methods
)
\Hy@abspage=\count352
\c@Item=\count353
\c@Hfootnote=\count354
)
Package hyperref Info: Driver (autodetected): hxetex.
 (c:/texlive/2021/texmf-dist/tex/latex/hyperref/hxetex.def
File: hxetex.def 2021-02-27 v7.00k Hyperref driver for XeTeX
 (c:/texlive/2021/texmf-dist/tex/generic/stringenc/stringenc.sty
Package: stringenc 2019/11/29 v1.12 Convert strings between diff. encodings (HO)
)
\pdfm@box=\box73
\c@Hy@AnnotLevel=\count355
\HyField@AnnotCount=\count356
\Fld@listcount=\count357
\c@bookmark@seq@number=\count358
 (c:/texlive/2021/texmf-dist/tex/latex/rerunfilecheck/rerunfilecheck.sty
Package: rerunfilecheck 2019/12/05 v1.9 Rerun checks for auxiliary files (HO)
 (c:/texlive/2021/texmf-dist/tex/latex/base/atveryend-ltx.sty
Package: atveryend-ltx 2020/08/19 v1.0a Emulation of the original atvery package
with kernel methods
) (c:/texlive/2021/texmf-dist/tex/generic/uniquecounter/uniquecounter.sty
Package: uniquecounter 2019/12/15 v1.4 Provide unlimited unique counter (HO)
)
Package uniquecounter Info: New unique counter `rerunfilecheck' on input line 286.
)
\Hy@SectionHShift=\skip107
)
Package hyperref Info: Option `bookmarksnumbered' set `true' on input line 4.
Package hyperref Info: Option `bookmarksopen' set `true' on input line 4.
Package hyperref Info: Option `unicode' set `true' on input line 4.
Package hyperref Info: Option `psdextra' set `true' on input line 4.
 (c:/texlive/2021/texmf-dist/tex/latex/hyperref/puenc-greekbasic.def
File: puenc-greekbasic.def 2021-02-27 v7.00k Hyperref: PDF Unicode definition (greek block) (HO)
) (c:/texlive/2021/texmf-dist/tex/latex/hyperref/psdextra.def
File: psdextra.def 2021-02-27 v7.00k Hyperref: Additions to PDF string support
)
\c@ustc@bookmarknumber=\count359
 (c:/texlive/2021/texmf-dist/tex/latex/mdsymbol/mdsymbol.sty
Package: mdsymbol 2012/11/18 v0.5 MdSymbol support package
 (c:/texlive/2021/texmf-dist/tex/latex/xkeyval/xkeyval.sty
Package: xkeyval 2020/11/20 v2.8 package option processing (HA)
 (c:/texlive/2021/texmf-dist/tex/generic/xkeyval/xkeyval.tex (c:/texlive/2021/texmf-dist/tex/generic/xkeyval/xkvutils.tex
\XKV@toks=\toks31
\XKV@tempa@toks=\toks32
)
\XKV@depth=\count360
File: xkeyval.tex 2014/12/03 v2.7a key=value parser (HA)
)) (c:/texlive/2021/texmf-dist/tex/latex/base/textcomp.sty
Package: textcomp 2020/02/02 v2.0n Standard LaTeX package
) (c:/texlive/2021/texmf-dist/tex/latex/etoolbox/etoolbox.sty
Package: etoolbox 2020/10/05 v2.5k e-TeX tools for LaTeX (JAW)
\etb@tempcnta=\count361
)
LaTeX Info: Redefining \dagger on input line 289.
LaTeX Info: Redefining \ddagger on input line 290.
LaTeX Info: Redefining \mathparagraph on input line 291.
LaTeX Info: Redefining \mathsection on input line 292.
LaTeX Info: Redefining \mathdollar on input line 293.
LaTeX Info: Redefining \mathsterling on input line 294.
LaTeX Info: Redefining \Re on input line 300.
LaTeX Info: Redefining \Im on input line 301.
LaTeX Info: Redefining \hbar on input line 311.
 (c:/texlive/2021/texmf-dist/tex/generic/fltpoint/fltpoint.sty
Package: fltpoint 2004/11/12 v1.1b floating point arithmetic
 (c:/texlive/2021/texmf-dist/tex/generic/fltpoint/fltpoint.tex
\fp@loopcount=\count362
\fp@loopcountii=\count363
\fp@result=\count364
\fp@carryover=\count365
\fp@tempcount=\count366
\fp@tempcountii=\count367
))
LaTeX Font Info:    Encoding `TU' has changed to `U' for symbol font
(Font)              `symbols' in the math version `normal' on input line 404.
LaTeX Font Info:    Overwriting symbol font `symbols' in version `normal'
(Font)                  TU/XITSMath-Regular(2)/m/n --> U/MdSymbolA/m/n on input line 404.
LaTeX Font Info:    Encoding `TU' has changed to `U' for symbol font
(Font)              `symbols' in the math version `bold' on input line 404.
LaTeX Font Info:    Overwriting symbol font `symbols' in version `bold'
(Font)                  TU/XITSMath-Regular(2)/b/n --> U/MdSymbolA/b/n on input line 404.
\symrelations=\mathgroup5
LaTeX Font Info:    Overwriting symbol font `relations' in version `bold'
(Font)                  U/MdSymbolB/m/n --> U/MdSymbolB/b/n on input line 405.
\symarrows=\mathgroup6
LaTeX Font Info:    Overwriting symbol font `arrows' in version `bold'
(Font)                  U/MdSymbolC/m/n --> U/MdSymbolC/b/n on input line 406.
\symnarrows=\mathgroup7
LaTeX Font Info:    Overwriting symbol font `narrows' in version `bold'
(Font)                  U/MdSymbolD/m/n --> U/MdSymbolD/b/n on input line 407.
LaTeX Font Info:    Encoding `TU' has changed to `U' for symbol font
(Font)              `largesymbols' in the math version `normal' on input line 408.
LaTeX Font Info:    Overwriting symbol font `largesymbols' in version `normal'
(Font)                  TU/XITSMath-Regular(3)/m/n --> U/MdSymbolE/m/n on input line 408.
LaTeX Font Info:    Encoding `TU' has changed to `U' for symbol font
(Font)              `largesymbols' in the math version `bold' on input line 408.
LaTeX Font Info:    Overwriting symbol font `largesymbols' in version `bold'
(Font)                  TU/XITSMath-Regular(3)/b/n --> U/MdSymbolE/b/n on input line 408.
\symdelimiters=\mathgroup8
LaTeX Font Info:    Overwriting symbol font `delimiters' in version `bold'
(Font)                  U/MdSymbolF/m/n --> U/MdSymbolF/b/n on input line 409.
LaTeX Info: Redefining \vdots on input line 433.
LaTeX Info: Redefining \relbar on input line 1408.
LaTeX Info: Redefining \Relbar on input line 1409.
LaTeX Info: Redefining \joinrel on input line 1410.
LaTeX Font Info:    Redeclaring math accent \widehat on input line 1956.
LaTeX Font Info:    Redeclaring math accent \widetilde on input line 1957.
LaTeX Font Info:    Redeclaring math accent \vec on input line 1959.
LaTeX Font Info:    Redeclaring math symbol \setminus on input line 2037.
LaTeX Font Info:    Redeclaring math symbol \mid on input line 2041.
LaTeX Font Info:    Redeclaring math symbol \parallel on input line 2046.
LaTeX Font Info:    Redeclaring math delimiter \uparrow on input line 2067.
LaTeX Font Info:    Redeclaring math delimiter \downarrow on input line 2068.
LaTeX Font Info:    Redeclaring math delimiter \updownarrow on input line 2069.
LaTeX Font Info:    Redeclaring math delimiter \Uparrow on input line 2070.
LaTeX Font Info:    Redeclaring math delimiter \Downarrow on input line 2071.
LaTeX Font Info:    Redeclaring math delimiter \Updownarrow on input line 2072.
LaTeX Font Info:    Redeclaring math symbol \braceld on input line 2073.
LaTeX Font Info:    Redeclaring math symbol \bracelu on input line 2074.
LaTeX Font Info:    Redeclaring math symbol \bracerd on input line 2075.
LaTeX Font Info:    Redeclaring math symbol \braceru on input line 2076.
LaTeX Info: Redefining \overbrace on input line 2094.
LaTeX Info: Redefining \underbrace on input line 2097.
LaTeX Info: Redefining \overleftharpoon on input line 2101.
LaTeX Info: Redefining \overrightharpoon on input line 2102.
LaTeX Font Info:    Redeclaring math symbol \surd on input line 2109.
LaTeX Info: Redefining \r@@t on input line 2113.
LaTeX Info: Redefining \c@ncel on input line 2159.
LaTeX Info: Redefining \not on input line 2160.
\overliningbox=\box74
) (c:/texlive/2021/texmf-dist/tex/latex/psnfss/pifont.sty
Package: pifont 2020/03/25 PSNFSS-v9.3 Pi font support (SPQR) 
LaTeX Font Info:    Trying to load font information for U+pzd on input line 63.
 (c:/texlive/2021/texmf-dist/tex/latex/psnfss/upzd.fd
File: upzd.fd 2001/06/04 font definitions for U/pzd.
)
LaTeX Font Info:    Trying to load font information for U+psy on input line 64.
 (c:/texlive/2021/texmf-dist/tex/latex/psnfss/upsy.fd
File: upsy.fd 2001/06/04 font definitions for U/psy.
)) (c:/texlive/2021/texmf-dist/tex/latex/multirow/multirow.sty
Package: multirow 2021/03/15 v2.8 Span multiple rows of a table
\multirow@colwidth=\skip108
\multirow@cntb=\count368
\multirow@dima=\skip109
\bigstrutjot=\dimen299
) (./main.aux)
\openout1 = `main.aux'.

LaTeX Font Info:    Checking defaults for OML/cmm/m/it on input line 10.
LaTeX Font Info:    ... okay on input line 10.
LaTeX Font Info:    Checking defaults for OMS/cmsy/m/n on input line 10.
LaTeX Font Info:    ... okay on input line 10.
LaTeX Font Info:    Checking defaults for OT1/cmr/m/n on input line 10.
LaTeX Font Info:    ... okay on input line 10.
LaTeX Font Info:    Checking defaults for T1/cmr/m/n on input line 10.
LaTeX Font Info:    ... okay on input line 10.
LaTeX Font Info:    Checking defaults for TS1/cmr/m/n on input line 10.
LaTeX Font Info:    ... okay on input line 10.
LaTeX Font Info:    Checking defaults for TU/lmr/m/n on input line 10.
LaTeX Font Info:    ... okay on input line 10.
LaTeX Font Info:    Checking defaults for OMX/cmex/m/n on input line 10.
LaTeX Font Info:    ... okay on input line 10.
LaTeX Font Info:    Checking defaults for U/cmr/m/n on input line 10.
LaTeX Font Info:    ... okay on input line 10.
LaTeX Font Info:    Checking defaults for PD1/pdf/m/n on input line 10.
LaTeX Font Info:    ... okay on input line 10.
LaTeX Font Info:    Checking defaults for PU/pdf/m/n on input line 10.
LaTeX Font Info:    ... okay on input line 10.
 ABD: EverySelectfont initializing macros
LaTeX Info: Redefining \selectfont on input line 10.

*geometry* detected driver: xetex
*geometry* verbose mode - [ preamble ] result:
* driver: xetex
* paper: a4paper
* layout: <same size as paper>
* layoutoffset:(h,v)=(0.0pt,0.0pt)
* modes: twoside 
* h-part:(L,W,R)=(90.19518pt, 417.11752pt, 90.19518pt)
* v-part:(T,H,B)=(72.2698pt, 700.50723pt, 72.2698pt)
* \paperwidth=597.50787pt
* \paperheight=845.04684pt
* \textwidth=417.11752pt
* \textheight=700.50723pt
* \oddsidemargin=17.92519pt
* \evensidemargin=17.92519pt
* \topmargin=-29.59084pt
* \headheight=21.33955pt
* \headsep=8.2511pt
* \topskip=12.0pt
* \footskip=22.47748pt
* \marginparwidth=88.0pt
* \marginparsep=7.0pt
* \columnsep=10.0pt
* \skip\footins=10.8pt plus 4.0pt minus 2.0pt
* \hoffset=0.0pt
* \voffset=0.0pt
* \mag=1000
* \@twocolumnfalse
* \@twosidetrue
* \@mparswitchtrue
* \@reversemarginfalse
* (1in=72.27pt=25.4mm, 1cm=28.453pt)

Package caption Info: Begin \AtBeginDocument code.
Package caption Info: hyperref package is loaded.
Package caption Info: longtable package is loaded.
(c:/texlive/2021/texmf-dist/tex/latex/caption/ltcaption.sty
Package: ltcaption 2020/05/30 v1.4b longtable captions (AR)
)
Package caption Info: End \AtBeginDocument code.
 (c:/texlive/2021/texmf-dist/tex/latex/siunitx/siunitx-abbreviations.cfg
File: siunitx-abbreviations.cfg 2017/11/26 v2.7k siunitx: Abbreviated units
) (c:/texlive/2021/texmf-dist/tex/latex/translator/translator-basic-dictionary-English.dict
Dictionary: translator-basic-dictionary, Language: English 
)
Package hyperref Info: Link coloring OFF on input line 10.
 (c:/texlive/2021/texmf-dist/tex/latex/hyperref/nameref.sty
Package: nameref 2021-04-02 v2.47 Cross-referencing by name of section
 (c:/texlive/2021/texmf-dist/tex/latex/refcount/refcount.sty
Package: refcount 2019/12/15 v3.6 Data extraction from label references (HO)
) (c:/texlive/2021/texmf-dist/tex/generic/gettitlestring/gettitlestring.sty
Package: gettitlestring 2019/12/15 v1.6 Cleanup title references (HO)
)
\c@section@level=\count369
)
LaTeX Info: Redefining \ref on input line 10.
LaTeX Info: Redefining \pageref on input line 10.
LaTeX Info: Redefining \nameref on input line 10.
 (./main.out) (./main.out)
\@outlinefile=\write3
\openout3 = `main.out'.

LaTeX Font Info:    Calculating math sizes for size <12.04486> on input line 10.
LaTeX Font Info:    Font shape `U/MdSymbolA/m/n' will be
(Font)              scaled to size 12.04486pt on input line 10.
LaTeX Font Info:    Font shape `U/MdSymbolA/m/n' will be
(Font)              scaled to size 8.43135pt on input line 10.
LaTeX Font Info:    Font shape `U/MdSymbolA/m/n' will be
(Font)              scaled to size 6.02243pt on input line 10.
LaTeX Font Info:    Font shape `U/MdSymbolE/m/n' will be
(Font)              scaled to size 12.04486pt on input line 10.
LaTeX Font Info:    Font shape `U/MdSymbolE/m/n' will be
(Font)              scaled to size 8.43135pt on input line 10.
LaTeX Font Info:    Font shape `U/MdSymbolE/m/n' will be
(Font)              scaled to size 6.02243pt on input line 10.
LaTeX Font Info:    Font shape `U/MdSymbolB/m/n' will be
(Font)              scaled to size 12.04486pt on input line 10.
LaTeX Font Info:    Font shape `U/MdSymbolB/m/n' will be
(Font)              scaled to size 8.43135pt on input line 10.
LaTeX Font Info:    Font shape `U/MdSymbolB/m/n' will be
(Font)              scaled to size 6.02243pt on input line 10.
LaTeX Font Info:    Font shape `U/MdSymbolC/m/n' will be
(Font)              scaled to size 12.04486pt on input line 10.
LaTeX Font Info:    Font shape `U/MdSymbolC/m/n' will be
(Font)              scaled to size 8.43135pt on input line 10.
LaTeX Font Info:    Font shape `U/MdSymbolC/m/n' will be
(Font)              scaled to size 6.02243pt on input line 10.
LaTeX Font Info:    Font shape `U/MdSymbolD/m/n' will be
(Font)              scaled to size 12.04486pt on input line 10.
LaTeX Font Info:    Font shape `U/MdSymbolD/m/n' will be
(Font)              scaled to size 8.43135pt on input line 10.
LaTeX Font Info:    Font shape `U/MdSymbolD/m/n' will be
(Font)              scaled to size 6.02243pt on input line 10.
LaTeX Font Info:    Font shape `U/MdSymbolF/m/n' will be
(Font)              scaled to size 12.04486pt on input line 10.
LaTeX Font Info:    Font shape `U/MdSymbolF/m/n' will be
(Font)              scaled to size 8.43135pt on input line 10.
LaTeX Font Info:    Font shape `U/MdSymbolF/m/n' will be
(Font)              scaled to size 6.02243pt on input line 10.
LaTeX Font Info:    Font shape `TU/CourierNew(1)/m/n' will be
(Font)              scaled to size 12.74031pt on input line 10.
LaTeX Font Info:    Font shape `TU/CourierNew(1)/m/n' will be
(Font)              scaled to size 8.91817pt on input line 10.
LaTeX Font Info:    Font shape `TU/CourierNew(1)/m/n' will be
(Font)              scaled to size 6.37015pt on input line 10.
*geometry* verbose mode - [ newgeometry ] result:
* driver: xetex
* paper: a4paper
* layout: <same size as paper>
* layoutoffset:(h,v)=(0.0pt,0.0pt)
* modes: twoside 
* h-part:(L,W,R)=(72.2698pt, 452.96826pt, 72.2698pt)
* v-part:(T,H,B)=(72.2698pt, 700.50723pt, 72.2698pt)
* \paperwidth=597.50787pt
* \paperheight=845.04684pt
* \textwidth=452.96826pt
* \textheight=700.50723pt
* \oddsidemargin=-0.00018pt
* \evensidemargin=-0.00018pt
* \topmargin=-29.59084pt
* \headheight=21.33955pt
* \headsep=8.2511pt
* \topskip=12.0pt
* \footskip=22.47748pt
* \marginparwidth=88.0pt
* \marginparsep=7.0pt
* \columnsep=10.0pt
* \skip\footins=10.8pt plus 4.0pt minus 2.0pt
* \hoffset=0.0pt
* \voffset=0.0pt
* \mag=1000
* \@twocolumnfalse
* \@twosidetrue
* \@mparswitchtrue
* \@reversemarginfalse
* (1in=72.27pt=25.4mm, 1cm=28.453pt)

File: figures/ustc-name.pdf Graphic file (type pdf)
<use figures/ustc-name.pdf>
File: figures/ustc-badge.pdf Graphic file (type pdf)
<use figures/ustc-badge.pdf>
LaTeX Font Info:    Calculating math sizes for size <16.05981> on input line 12.
LaTeX Font Info:    Font shape `U/MdSymbolA/m/n' will be
(Font)              scaled to size 16.05981pt on input line 12.
LaTeX Font Info:    Font shape `U/MdSymbolA/m/n' will be
(Font)              scaled to size 11.2418pt on input line 12.
LaTeX Font Info:    Font shape `U/MdSymbolA/m/n' will be
(Font)              scaled to size 8.0299pt on input line 12.
LaTeX Font Info:    Font shape `U/MdSymbolE/m/n' will be
(Font)              scaled to size 16.05981pt on input line 12.
LaTeX Font Info:    Font shape `U/MdSymbolE/m/n' will be
(Font)              scaled to size 11.2418pt on input line 12.
LaTeX Font Info:    Font shape `U/MdSymbolE/m/n' will be
(Font)              scaled to size 8.0299pt on input line 12.
LaTeX Font Info:    Font shape `TU/CourierNew(1)/m/n' will be
(Font)              scaled to size 16.98709pt on input line 12.
LaTeX Font Info:    Font shape `TU/CourierNew(1)/m/n' will be
(Font)              scaled to size 11.89088pt on input line 12.
LaTeX Font Info:    Font shape `TU/CourierNew(1)/m/n' will be
(Font)              scaled to size 8.49355pt on input line 12.
LaTeX Font Info:    Font shape `U/MdSymbolB/m/n' will be
(Font)              scaled to size 16.05981pt on input line 12.
LaTeX Font Info:    Font shape `U/MdSymbolB/m/n' will be
(Font)              scaled to size 11.2418pt on input line 12.
LaTeX Font Info:    Font shape `U/MdSymbolB/m/n' will be
(Font)              scaled to size 8.0299pt on input line 12.
LaTeX Font Info:    Font shape `U/MdSymbolC/m/n' will be
(Font)              scaled to size 16.05981pt on input line 12.
LaTeX Font Info:    Font shape `U/MdSymbolC/m/n' will be
(Font)              scaled to size 11.2418pt on input line 12.
LaTeX Font Info:    Font shape `U/MdSymbolC/m/n' will be
(Font)              scaled to size 8.0299pt on input line 12.
LaTeX Font Info:    Font shape `U/MdSymbolD/m/n' will be
(Font)              scaled to size 16.05981pt on input line 12.
LaTeX Font Info:    Font shape `U/MdSymbolD/m/n' will be
(Font)              scaled to size 11.2418pt on input line 12.
LaTeX Font Info:    Font shape `U/MdSymbolD/m/n' will be
(Font)              scaled to size 8.0299pt on input line 12.
LaTeX Font Info:    Font shape `U/MdSymbolF/m/n' will be
(Font)              scaled to size 16.05981pt on input line 12.
LaTeX Font Info:    Font shape `U/MdSymbolF/m/n' will be
(Font)              scaled to size 11.2418pt on input line 12.
LaTeX Font Info:    Font shape `U/MdSymbolF/m/n' will be
(Font)              scaled to size 8.0299pt on input line 12.
 [1



] [2

]
File: figures/ustc-badge.pdf Graphic file (type pdf)
<use figures/ustc-badge.pdf>
 [3] [4


] (./chapters/acknowledgements.tex) [1


] [2

] (./main.toc [1


])
\tf@toc=\write4
\openout4 = `main.toc'.

 (./chapters/abstract.tex [2] [3

] [4

]) [5] (./chapters/intro.tex
第一章
[6


] [7]
File: figures/金属边界腔体.png Graphic file (type bmp)
<figures/金属边界腔体.png>
 [8] [9]
File: figures/无限大平行板.png Graphic file (type bmp)
<figures/无限大平行板.png>


LaTeX Warning: `h' float specifier changed to `ht'.

[10]
File: figures/世界线.png Graphic file (type bmp)
<figures/世界线.png>
 [11]
File: figures/世界线2.png Graphic file (type bmp)
<figures/世界线2.png>
LaTeX Font Info:    Calculating math sizes for size <10.53925> on input line 182.
LaTeX Font Info:    Font shape `U/MdSymbolA/m/n' will be
(Font)              scaled to size 10.53925pt on input line 182.
LaTeX Font Info:    Font shape `U/MdSymbolA/m/n' will be
(Font)              scaled to size 7.37743pt on input line 182.
LaTeX Font Info:    Font shape `U/MdSymbolA/m/n' will be
(Font)              scaled to size 5.26962pt on input line 182.
LaTeX Font Info:    Font shape `U/MdSymbolE/m/n' will be
(Font)              scaled to size 10.53925pt on input line 182.
LaTeX Font Info:    Font shape `U/MdSymbolE/m/n' will be
(Font)              scaled to size 7.37743pt on input line 182.
LaTeX Font Info:    Font shape `U/MdSymbolE/m/n' will be
(Font)              scaled to size 5.26962pt on input line 182.
LaTeX Font Info:    Font shape `TU/CourierNew(1)/m/n' will be
(Font)              scaled to size 11.14777pt on input line 182.
LaTeX Font Info:    Font shape `TU/CourierNew(1)/m/n' will be
(Font)              scaled to size 7.80339pt on input line 182.
LaTeX Font Info:    Font shape `TU/CourierNew(1)/m/n' will be
(Font)              scaled to size 5.57388pt on input line 182.
LaTeX Font Info:    Font shape `U/MdSymbolB/m/n' will be
(Font)              scaled to size 10.53925pt on input line 182.
LaTeX Font Info:    Font shape `U/MdSymbolB/m/n' will be
(Font)              scaled to size 7.37743pt on input line 182.
LaTeX Font Info:    Font shape `U/MdSymbolB/m/n' will be
(Font)              scaled to size 5.26962pt on input line 182.
LaTeX Font Info:    Font shape `U/MdSymbolC/m/n' will be
(Font)              scaled to size 10.53925pt on input line 182.
LaTeX Font Info:    Font shape `U/MdSymbolC/m/n' will be
(Font)              scaled to size 7.37743pt on input line 182.
LaTeX Font Info:    Font shape `U/MdSymbolC/m/n' will be
(Font)              scaled to size 5.26962pt on input line 182.
LaTeX Font Info:    Font shape `U/MdSymbolD/m/n' will be
(Font)              scaled to size 10.53925pt on input line 182.
LaTeX Font Info:    Font shape `U/MdSymbolD/m/n' will be
(Font)              scaled to size 7.37743pt on input line 182.
LaTeX Font Info:    Font shape `U/MdSymbolD/m/n' will be
(Font)              scaled to size 5.26962pt on input line 182.
LaTeX Font Info:    Font shape `U/MdSymbolF/m/n' will be
(Font)              scaled to size 10.53925pt on input line 182.
LaTeX Font Info:    Font shape `U/MdSymbolF/m/n' will be
(Font)              scaled to size 7.37743pt on input line 182.
LaTeX Font Info:    Font shape `U/MdSymbolF/m/n' will be
(Font)              scaled to size 5.26962pt on input line 182.
 [12] [13] [14]
File: figures/世界线3.png Graphic file (type bmp)
<figures/世界线3.png>


LaTeX Warning: `h' float specifier changed to `ht'.

File: figures/lifshitz1.png Graphic file (type bmp)
<figures/lifshitz1.png>
[15] [16] [17] [18]) (./chapters/experiments.tex [19]
第二章
File: figures/AFM1.png Graphic file (type bmp)
<figures/AFM1.png>
[20

]
File: figures//原子力显微镜实物图.jpg Graphic file (type bmp)
<figures//原子力显微镜实物图.jpg>
File: figures/粘小球的针尖.jpg Graphic file (type bmp)
<figures/粘小球的针尖.jpg>
 [21]
File: figures/消除静电力.ai Graphic file (type pdf)
<use figures/消除静电力.ai>
 [22] [23] [24]) (./chapters/analysis.tex [25]
第三章
File: figures/力曲线.png Graphic file (type bmp)
<figures/力曲线.png>
[26

]
File: figures/zyc力曲线.png Graphic file (type bmp)
<figures/zyc力曲线.png>
 [27]
File: figures/自测力曲线.ai Graphic file (type pdf)
<use figures/自测力曲线.ai>
 [28]
File: figures/压电陶瓷的畸变效应.png Graphic file (type bmp)
<figures/压电陶瓷的畸变效应.png>
File: figures/台阶刨面图.png Graphic file (type bmp)
<figures/台阶刨面图.png>
 [29] [30]
File: figures//一维扫描.png Graphic file (type bmp)
<figures//一维扫描.png>

Overfull \hbox (9.67664pt too wide) in paragraph at lines 95--96
 [][] 
 []

File: figures//二维扫描.png Graphic file (type bmp)
<figures//二维扫描.png>

Overfull \hbox (9.68813pt too wide) in paragraph at lines 103--104
 [][] 
 []

[31]) (./chapters/summary.tex [32]
第四章
[33

]) [34] (./main.bbl [35


]) (./chapters/complementary.tex [36]
File: figures//信号采集器1.png Graphic file (type bmp)
<figures//信号采集器1.png>
File: figures//信号产生器1.png Graphic file (type bmp)
<figures//信号产生器1.png>


LaTeX Warning: `h' float specifier changed to `ht'.

[37

]
File: figures//探测样品的倾斜情况.png Graphic file (type bmp)
<figures//探测样品的倾斜情况.png>
 [38]
File: figures//确定扫描的偏移量.png Graphic file (type bmp)
<figures//确定扫描的偏移量.png>
File: figures//一维地扫描.png Graphic file (type bmp)
<figures//一维地扫描.png>
 [39]
File: figures//做力曲线.png Graphic file (type bmp)
<figures//做力曲线.png>
File: figures//一维扫描图.png Graphic file (type bmp)
<figures//一维扫描图.png>
File: figures//二维扫描图.png Graphic file (type bmp)
<figures//二维扫描图.png>
) [40] [41] (./main.aux)
Package rerunfilecheck Info: File `main.out' has not changed.
(rerunfilecheck)             Checksum: D4BFB685576E1C275AFC92675E6C4B35;4723.
 ) 
Here is how much of TeX's memory you used:
 30036 strings out of 476919
 580104 string characters out of 5825424
 995830 words of memory out of 5000000
 49473 multiletter control sequences out of 15000+600000
 426270 words of font info for 224 fonts, out of 8000000 for 9000
 1348 hyphenation exceptions out of 8191
 114i,19n,139p,2529b,2766s stack positions out of 5000i,500n,10000p,200000b,80000s

Output written on main.pdf (47 pages).
